[2024-07-28T08:05:04.771+0000] {taskinstance.py:1171} INFO - Dependencies all met for <TaskInstance: download_rocket_launches.notify manual__2024-07-28T08:04:46.478989+00:00 [queued]>
[2024-07-28T08:05:04.776+0000] {taskinstance.py:1171} INFO - Dependencies all met for <TaskInstance: download_rocket_launches.notify manual__2024-07-28T08:04:46.478989+00:00 [queued]>
[2024-07-28T08:05:04.776+0000] {taskinstance.py:1368} INFO - 
--------------------------------------------------------------------------------
[2024-07-28T08:05:04.776+0000] {taskinstance.py:1369} INFO - Starting attempt 1 of 1
[2024-07-28T08:05:04.776+0000] {taskinstance.py:1370} INFO - 
--------------------------------------------------------------------------------
[2024-07-28T08:05:04.782+0000] {taskinstance.py:1389} INFO - Executing <Task(BashOperator): notify> on 2024-07-28 08:04:46.478989+00:00
[2024-07-28T08:05:04.785+0000] {standard_task_runner.py:52} INFO - Started process 424 to run task
[2024-07-28T08:05:04.787+0000] {standard_task_runner.py:79} INFO - Running: ['***', 'tasks', 'run', 'download_rocket_launches', 'notify', 'manual__2024-07-28T08:04:46.478989+00:00', '--job-id', '8', '--raw', '--subdir', 'DAGS_FOLDER/rocket.py', '--cfg-path', '/tmp/tmpxxs1_7gt', '--error-file', '/tmp/tmpy4mkzyvc']
[2024-07-28T08:05:04.788+0000] {standard_task_runner.py:80} INFO - Job 8: Subtask notify
[2024-07-28T08:05:04.818+0000] {task_command.py:371} INFO - Running <TaskInstance: download_rocket_launches.notify manual__2024-07-28T08:04:46.478989+00:00 [running]> on host 82875c12dd4e
[2024-07-28T08:05:04.987+0000] {taskinstance.py:1583} INFO - Exporting the following env vars:
AIRFLOW_CTX_DAG_OWNER=***
AIRFLOW_CTX_DAG_ID=download_rocket_launches
AIRFLOW_CTX_TASK_ID=notify
AIRFLOW_CTX_EXECUTION_DATE=2024-07-28T08:04:46.478989+00:00
AIRFLOW_CTX_TRY_NUMBER=1
AIRFLOW_CTX_DAG_RUN_ID=manual__2024-07-28T08:04:46.478989+00:00
[2024-07-28T08:05:04.987+0000] {subprocess.py:62} INFO - Tmp dir root location: 
 /tmp
[2024-07-28T08:05:04.988+0000] {subprocess.py:74} INFO - Running command: ['/bin/bash', '-c', 'echo "There are now $(ls /tmp/images/ | wc -l) images."']
[2024-07-28T08:05:04.992+0000] {subprocess.py:85} INFO - Output:
[2024-07-28T08:05:05.012+0000] {subprocess.py:92} INFO - There are now 7 images.
[2024-07-28T08:05:05.013+0000] {subprocess.py:96} INFO - Command exited with return code 0
[2024-07-28T08:05:05.027+0000] {taskinstance.py:1412} INFO - Marking task as SUCCESS. dag_id=download_rocket_launches, task_id=notify, execution_date=20240728T080446, start_date=20240728T080504, end_date=20240728T080505
[2024-07-28T08:05:05.062+0000] {local_task_job.py:156} INFO - Task exited with return code 0
[2024-07-28T08:05:05.079+0000] {local_task_job.py:279} INFO - 0 downstream tasks scheduled from follow-on schedule check
