[2024-07-28T09:14:29.595+0000] {taskinstance.py:1171} INFO - Dependencies all met for <TaskInstance: download_rocket_launches.now_path scheduled__2024-07-27T00:00:00+00:00 [queued]>
[2024-07-28T09:14:29.599+0000] {taskinstance.py:1171} INFO - Dependencies all met for <TaskInstance: download_rocket_launches.now_path scheduled__2024-07-27T00:00:00+00:00 [queued]>
[2024-07-28T09:14:29.599+0000] {taskinstance.py:1368} INFO - 
--------------------------------------------------------------------------------
[2024-07-28T09:14:29.599+0000] {taskinstance.py:1369} INFO - Starting attempt 1 of 1
[2024-07-28T09:14:29.599+0000] {taskinstance.py:1370} INFO - 
--------------------------------------------------------------------------------
[2024-07-28T09:14:29.605+0000] {taskinstance.py:1389} INFO - Executing <Task(BashOperator): now_path> on 2024-07-27 00:00:00+00:00
[2024-07-28T09:14:29.608+0000] {standard_task_runner.py:52} INFO - Started process 175 to run task
[2024-07-28T09:14:29.610+0000] {standard_task_runner.py:79} INFO - Running: ['***', 'tasks', 'run', 'download_rocket_launches', 'now_path', 'scheduled__2024-07-27T00:00:00+00:00', '--job-id', '2', '--raw', '--subdir', 'DAGS_FOLDER/rocket.py', '--cfg-path', '/tmp/tmp5tm4olrn', '--error-file', '/tmp/tmpy3ztmy0r']
[2024-07-28T09:14:29.611+0000] {standard_task_runner.py:80} INFO - Job 2: Subtask now_path
[2024-07-28T09:14:29.619+0000] {logging_mixin.py:115} WARNING - /home/***/.local/lib/python3.7/site-packages/***/configuration.py:538 DeprecationWarning: The sql_alchemy_conn option in [core] has been moved to the sql_alchemy_conn option in [database] - the old setting has been used, but please update your config.
[2024-07-28T09:14:29.644+0000] {task_command.py:371} INFO - Running <TaskInstance: download_rocket_launches.now_path scheduled__2024-07-27T00:00:00+00:00 [running]> on host 8fea9374b6df
[2024-07-28T09:14:29.787+0000] {taskinstance.py:1583} INFO - Exporting the following env vars:
AIRFLOW_CTX_DAG_OWNER=***
AIRFLOW_CTX_DAG_ID=download_rocket_launches
AIRFLOW_CTX_TASK_ID=now_path
AIRFLOW_CTX_EXECUTION_DATE=2024-07-27T00:00:00+00:00
AIRFLOW_CTX_TRY_NUMBER=1
AIRFLOW_CTX_DAG_RUN_ID=scheduled__2024-07-27T00:00:00+00:00
[2024-07-28T09:14:29.788+0000] {subprocess.py:62} INFO - Tmp dir root location: 
 /tmp
[2024-07-28T09:14:29.788+0000] {subprocess.py:74} INFO - Running command: ['/bin/bash', '-c', 'ls -l /tmp']
[2024-07-28T09:14:29.792+0000] {subprocess.py:85} INFO - Output:
[2024-07-28T09:14:29.797+0000] {subprocess.py:92} INFO - total 288
[2024-07-28T09:14:29.797+0000] {subprocess.py:92} INFO - drwx------ 2 *** root   4096 Jul 28 09:14 ***tmp_8yd5pyc
[2024-07-28T09:14:29.797+0000] {subprocess.py:92} INFO - drwx------ 2 *** root   4096 Jul 28 09:14 pymp-8ekk0fzg
[2024-07-28T09:14:29.798+0000] {subprocess.py:92} INFO - -rw------- 1 root    root 285222 Aug 23  2022 tmppn1s8p7j
[2024-07-28T09:14:29.798+0000] {subprocess.py:92} INFO - -rw------- 1 *** root      0 Jul 28 09:14 tmpy3ztmy0r
[2024-07-28T09:14:29.798+0000] {subprocess.py:96} INFO - Command exited with return code 0
[2024-07-28T09:14:29.812+0000] {taskinstance.py:1412} INFO - Marking task as SUCCESS. dag_id=download_rocket_launches, task_id=now_path, execution_date=20240727T000000, start_date=20240728T091429, end_date=20240728T091429
[2024-07-28T09:14:29.829+0000] {local_task_job.py:156} INFO - Task exited with return code 0
[2024-07-28T09:14:29.849+0000] {local_task_job.py:279} INFO - 1 downstream tasks scheduled from follow-on schedule check
