[2024-07-28T08:03:12.555+0000] {taskinstance.py:1171} INFO - Dependencies all met for <TaskInstance: download_rocket_launches.download_launches manual__2024-07-28T08:03:11.893556+00:00 [queued]>
[2024-07-28T08:03:12.560+0000] {taskinstance.py:1171} INFO - Dependencies all met for <TaskInstance: download_rocket_launches.download_launches manual__2024-07-28T08:03:11.893556+00:00 [queued]>
[2024-07-28T08:03:12.560+0000] {taskinstance.py:1368} INFO - 
--------------------------------------------------------------------------------
[2024-07-28T08:03:12.560+0000] {taskinstance.py:1369} INFO - Starting attempt 1 of 1
[2024-07-28T08:03:12.560+0000] {taskinstance.py:1370} INFO - 
--------------------------------------------------------------------------------
[2024-07-28T08:03:12.567+0000] {taskinstance.py:1389} INFO - Executing <Task(BashOperator): download_launches> on 2024-07-28 08:03:11.893556+00:00
[2024-07-28T08:03:12.570+0000] {standard_task_runner.py:52} INFO - Started process 393 to run task
[2024-07-28T08:03:12.572+0000] {standard_task_runner.py:79} INFO - Running: ['***', 'tasks', 'run', 'download_rocket_launches', 'download_launches', 'manual__2024-07-28T08:03:11.893556+00:00', '--job-id', '4', '--raw', '--subdir', 'DAGS_FOLDER/rocket.py', '--cfg-path', '/tmp/tmppx109n1a', '--error-file', '/tmp/tmpnkvbku5u']
[2024-07-28T08:03:12.573+0000] {standard_task_runner.py:80} INFO - Job 4: Subtask download_launches
[2024-07-28T08:03:12.619+0000] {task_command.py:371} INFO - Running <TaskInstance: download_rocket_launches.download_launches manual__2024-07-28T08:03:11.893556+00:00 [running]> on host 82875c12dd4e
[2024-07-28T08:03:12.810+0000] {taskinstance.py:1583} INFO - Exporting the following env vars:
AIRFLOW_CTX_DAG_OWNER=***
AIRFLOW_CTX_DAG_ID=download_rocket_launches
AIRFLOW_CTX_TASK_ID=download_launches
AIRFLOW_CTX_EXECUTION_DATE=2024-07-28T08:03:11.893556+00:00
AIRFLOW_CTX_TRY_NUMBER=1
AIRFLOW_CTX_DAG_RUN_ID=manual__2024-07-28T08:03:11.893556+00:00
[2024-07-28T08:03:12.810+0000] {subprocess.py:62} INFO - Tmp dir root location: 
 /tmp
[2024-07-28T08:03:12.811+0000] {subprocess.py:74} INFO - Running command: ['/bin/bash', '-c', 'ls -l']
[2024-07-28T08:03:12.816+0000] {subprocess.py:85} INFO - Output:
[2024-07-28T08:03:12.822+0000] {subprocess.py:92} INFO - total 0
[2024-07-28T08:03:12.822+0000] {subprocess.py:96} INFO - Command exited with return code 0
[2024-07-28T08:03:12.837+0000] {taskinstance.py:1412} INFO - Marking task as SUCCESS. dag_id=download_rocket_launches, task_id=download_launches, execution_date=20240728T080311, start_date=20240728T080312, end_date=20240728T080312
[2024-07-28T08:03:12.881+0000] {local_task_job.py:156} INFO - Task exited with return code 0
[2024-07-28T08:03:12.904+0000] {local_task_job.py:279} INFO - 1 downstream tasks scheduled from follow-on schedule check
