[2024-07-28T08:04:47.125+0000] {taskinstance.py:1171} INFO - Dependencies all met for <TaskInstance: download_rocket_launches.download_launches manual__2024-07-28T08:04:46.478989+00:00 [queued]>
[2024-07-28T08:04:47.131+0000] {taskinstance.py:1171} INFO - Dependencies all met for <TaskInstance: download_rocket_launches.download_launches manual__2024-07-28T08:04:46.478989+00:00 [queued]>
[2024-07-28T08:04:47.131+0000] {taskinstance.py:1368} INFO - 
--------------------------------------------------------------------------------
[2024-07-28T08:04:47.131+0000] {taskinstance.py:1369} INFO - Starting attempt 1 of 1
[2024-07-28T08:04:47.131+0000] {taskinstance.py:1370} INFO - 
--------------------------------------------------------------------------------
[2024-07-28T08:04:47.137+0000] {taskinstance.py:1389} INFO - Executing <Task(BashOperator): download_launches> on 2024-07-28 08:04:46.478989+00:00
[2024-07-28T08:04:47.141+0000] {standard_task_runner.py:52} INFO - Started process 413 to run task
[2024-07-28T08:04:47.144+0000] {standard_task_runner.py:79} INFO - Running: ['***', 'tasks', 'run', 'download_rocket_launches', 'download_launches', 'manual__2024-07-28T08:04:46.478989+00:00', '--job-id', '6', '--raw', '--subdir', 'DAGS_FOLDER/rocket.py', '--cfg-path', '/tmp/tmpx_5ugafo', '--error-file', '/tmp/tmpivd1raux']
[2024-07-28T08:04:47.145+0000] {standard_task_runner.py:80} INFO - Job 6: Subtask download_launches
[2024-07-28T08:04:47.187+0000] {task_command.py:371} INFO - Running <TaskInstance: download_rocket_launches.download_launches manual__2024-07-28T08:04:46.478989+00:00 [running]> on host 82875c12dd4e
[2024-07-28T08:04:47.386+0000] {taskinstance.py:1583} INFO - Exporting the following env vars:
AIRFLOW_CTX_DAG_OWNER=***
AIRFLOW_CTX_DAG_ID=download_rocket_launches
AIRFLOW_CTX_TASK_ID=download_launches
AIRFLOW_CTX_EXECUTION_DATE=2024-07-28T08:04:46.478989+00:00
AIRFLOW_CTX_TRY_NUMBER=1
AIRFLOW_CTX_DAG_RUN_ID=manual__2024-07-28T08:04:46.478989+00:00
[2024-07-28T08:04:47.387+0000] {subprocess.py:62} INFO - Tmp dir root location: 
 /tmp
[2024-07-28T08:04:47.387+0000] {subprocess.py:74} INFO - Running command: ['/bin/bash', '-c', "curl -o /tmp/launches.json -L 'https://ll.thespacedevs.com/2.0.0/launch/upcoming'"]
[2024-07-28T08:04:47.393+0000] {subprocess.py:85} INFO - Output:
[2024-07-28T08:04:47.401+0000] {subprocess.py:92} INFO -   % Total    % Received % Xferd  Average Speed   Time    Time     Time  Current
[2024-07-28T08:04:47.401+0000] {subprocess.py:92} INFO -                                  Dload  Upload   Total   Spent    Left  Speed
[2024-07-28T08:04:48.195+0000] {subprocess.py:92} INFO -   0     0    0     0    0     0      0      0 --:--:-- --:--:-- --:--:--     0  0     0    0     0    0     0      0      0 --:--:-- --:--:-- --:--:--     0
[2024-07-28T08:04:49.058+0000] {subprocess.py:92} INFO -   0 27120    0     0    0     0      0      0 --:--:--  0:00:01 --:--:--     0100 27120  100 27120    0     0  16376      0  0:00:01  0:00:01 --:--:-- 12.9M
[2024-07-28T08:04:49.060+0000] {subprocess.py:96} INFO - Command exited with return code 0
[2024-07-28T08:04:49.087+0000] {taskinstance.py:1412} INFO - Marking task as SUCCESS. dag_id=download_rocket_launches, task_id=download_launches, execution_date=20240728T080446, start_date=20240728T080447, end_date=20240728T080449
[2024-07-28T08:04:49.103+0000] {local_task_job.py:156} INFO - Task exited with return code 0
[2024-07-28T08:04:49.143+0000] {local_task_job.py:279} INFO - 1 downstream tasks scheduled from follow-on schedule check
