[2024-07-28T08:04:49.569+0000] {taskinstance.py:1171} INFO - Dependencies all met for <TaskInstance: download_rocket_launches.get_pictures manual__2024-07-28T08:04:46.478989+00:00 [queued]>
[2024-07-28T08:04:49.573+0000] {taskinstance.py:1171} INFO - Dependencies all met for <TaskInstance: download_rocket_launches.get_pictures manual__2024-07-28T08:04:46.478989+00:00 [queued]>
[2024-07-28T08:04:49.573+0000] {taskinstance.py:1368} INFO - 
--------------------------------------------------------------------------------
[2024-07-28T08:04:49.574+0000] {taskinstance.py:1369} INFO - Starting attempt 1 of 1
[2024-07-28T08:04:49.574+0000] {taskinstance.py:1370} INFO - 
--------------------------------------------------------------------------------
[2024-07-28T08:04:49.580+0000] {taskinstance.py:1389} INFO - Executing <Task(PythonOperator): get_pictures> on 2024-07-28 08:04:46.478989+00:00
[2024-07-28T08:04:49.582+0000] {standard_task_runner.py:52} INFO - Started process 417 to run task
[2024-07-28T08:04:49.584+0000] {standard_task_runner.py:79} INFO - Running: ['***', 'tasks', 'run', 'download_rocket_launches', 'get_pictures', 'manual__2024-07-28T08:04:46.478989+00:00', '--job-id', '7', '--raw', '--subdir', 'DAGS_FOLDER/rocket.py', '--cfg-path', '/tmp/tmp336qai3c', '--error-file', '/tmp/tmp5xfetcqy']
[2024-07-28T08:04:49.585+0000] {standard_task_runner.py:80} INFO - Job 7: Subtask get_pictures
[2024-07-28T08:04:49.614+0000] {task_command.py:371} INFO - Running <TaskInstance: download_rocket_launches.get_pictures manual__2024-07-28T08:04:46.478989+00:00 [running]> on host 82875c12dd4e
[2024-07-28T08:04:49.718+0000] {taskinstance.py:1583} INFO - Exporting the following env vars:
AIRFLOW_CTX_DAG_OWNER=***
AIRFLOW_CTX_DAG_ID=download_rocket_launches
AIRFLOW_CTX_TASK_ID=get_pictures
AIRFLOW_CTX_EXECUTION_DATE=2024-07-28T08:04:46.478989+00:00
AIRFLOW_CTX_TRY_NUMBER=1
AIRFLOW_CTX_DAG_RUN_ID=manual__2024-07-28T08:04:46.478989+00:00
[2024-07-28T08:04:51.225+0000] {logging_mixin.py:115} INFO - Downloaded https://spacelaunchnow-prod-east.nyc3.digitaloceanspaces.com/media/images/falcon2520925_image_20221009234147.png to /tmp/images/falcon2520925_image_20221009234147.png
[2024-07-28T08:04:52.710+0000] {logging_mixin.py:115} INFO - Downloaded https://spacelaunchnow-prod-east.nyc3.digitaloceanspaces.com/media/images/falcon2520925_image_20221009234147.png to /tmp/images/falcon2520925_image_20221009234147.png
[2024-07-28T08:04:54.209+0000] {logging_mixin.py:115} INFO - Downloaded https://spacelaunchnow-prod-east.nyc3.digitaloceanspaces.com/media/images/atlas2520v2520551_image_20190224012316.jpeg to /tmp/images/atlas2520v2520551_image_20190224012316.jpeg
[2024-07-28T08:04:55.699+0000] {logging_mixin.py:115} INFO - Downloaded https://spacelaunchnow-prod-east.nyc3.digitaloceanspaces.com/media/images/electron_image_20190705175640.jpeg to /tmp/images/electron_image_20190705175640.jpeg
[2024-07-28T08:04:57.169+0000] {logging_mixin.py:115} INFO - Downloaded https://spacelaunchnow-prod-east.nyc3.digitaloceanspaces.com/media/images/ceres-1s_image_20230905114324.jpeg to /tmp/images/ceres-1s_image_20230905114324.jpeg
[2024-07-28T08:04:58.648+0000] {logging_mixin.py:115} INFO - Downloaded https://spacelaunchnow-prod-east.nyc3.digitaloceanspaces.com/media/images/falcon2520925_image_20221009234147.png to /tmp/images/falcon2520925_image_20221009234147.png
[2024-07-28T08:05:00.093+0000] {logging_mixin.py:115} INFO - Downloaded https://spacelaunchnow-prod-east.nyc3.digitaloceanspaces.com/media/images/falcon_9_image_20230807133459.jpeg to /tmp/images/falcon_9_image_20230807133459.jpeg
[2024-07-28T08:05:01.463+0000] {logging_mixin.py:115} INFO - Downloaded https://spacelaunchnow-prod-east.nyc3.digitaloceanspaces.com/media/images/sslv_image_20220912001724.jpeg to /tmp/images/sslv_image_20220912001724.jpeg
[2024-07-28T08:05:02.965+0000] {logging_mixin.py:115} INFO - Downloaded https://spacelaunchnow-prod-east.nyc3.digitaloceanspaces.com/media/images/soyuz_2.1a_image_20230805184309.jpg to /tmp/images/soyuz_2.1a_image_20230805184309.jpg
[2024-07-28T08:05:04.424+0000] {logging_mixin.py:115} INFO - Downloaded https://spacelaunchnow-prod-east.nyc3.digitaloceanspaces.com/media/images/falcon_9_image_20230807133459.jpeg to /tmp/images/falcon_9_image_20230807133459.jpeg
[2024-07-28T08:05:04.426+0000] {python.py:173} INFO - Done. Returned value was: None
[2024-07-28T08:05:04.466+0000] {taskinstance.py:1412} INFO - Marking task as SUCCESS. dag_id=download_rocket_launches, task_id=get_pictures, execution_date=20240728T080446, start_date=20240728T080449, end_date=20240728T080504
[2024-07-28T08:05:04.516+0000] {local_task_job.py:156} INFO - Task exited with return code 0
[2024-07-28T08:05:04.540+0000] {local_task_job.py:279} INFO - 1 downstream tasks scheduled from follow-on schedule check
