[2024-07-28T08:39:42.201+0000] {taskinstance.py:1171} INFO - Dependencies all met for <TaskInstance: download_rocket_launches.now_path manual__2024-07-28T08:39:41.286859+00:00 [queued]>
[2024-07-28T08:39:42.206+0000] {taskinstance.py:1171} INFO - Dependencies all met for <TaskInstance: download_rocket_launches.now_path manual__2024-07-28T08:39:41.286859+00:00 [queued]>
[2024-07-28T08:39:42.206+0000] {taskinstance.py:1368} INFO - 
--------------------------------------------------------------------------------
[2024-07-28T08:39:42.207+0000] {taskinstance.py:1369} INFO - Starting attempt 1 of 1
[2024-07-28T08:39:42.207+0000] {taskinstance.py:1370} INFO - 
--------------------------------------------------------------------------------
[2024-07-28T08:39:42.213+0000] {taskinstance.py:1389} INFO - Executing <Task(BashOperator): now_path> on 2024-07-28 08:39:41.286859+00:00
[2024-07-28T08:39:42.216+0000] {standard_task_runner.py:52} INFO - Started process 793 to run task
[2024-07-28T08:39:42.218+0000] {standard_task_runner.py:79} INFO - Running: ['***', 'tasks', 'run', 'download_rocket_launches', 'now_path', 'manual__2024-07-28T08:39:41.286859+00:00', '--job-id', '13', '--raw', '--subdir', 'DAGS_FOLDER/rocket.py', '--cfg-path', '/tmp/tmp680owhzu', '--error-file', '/tmp/tmp65kjbq61']
[2024-07-28T08:39:42.219+0000] {standard_task_runner.py:80} INFO - Job 13: Subtask now_path
[2024-07-28T08:39:42.255+0000] {task_command.py:371} INFO - Running <TaskInstance: download_rocket_launches.now_path manual__2024-07-28T08:39:41.286859+00:00 [running]> on host 82875c12dd4e
[2024-07-28T08:39:42.448+0000] {taskinstance.py:1583} INFO - Exporting the following env vars:
AIRFLOW_CTX_DAG_OWNER=***
AIRFLOW_CTX_DAG_ID=download_rocket_launches
AIRFLOW_CTX_TASK_ID=now_path
AIRFLOW_CTX_EXECUTION_DATE=2024-07-28T08:39:41.286859+00:00
AIRFLOW_CTX_TRY_NUMBER=1
AIRFLOW_CTX_DAG_RUN_ID=manual__2024-07-28T08:39:41.286859+00:00
[2024-07-28T08:39:42.449+0000] {subprocess.py:62} INFO - Tmp dir root location: 
 /tmp
[2024-07-28T08:39:42.449+0000] {subprocess.py:74} INFO - Running command: ['/bin/bash', '-c', 'pwd']
[2024-07-28T08:39:42.454+0000] {subprocess.py:85} INFO - Output:
[2024-07-28T08:39:42.456+0000] {subprocess.py:92} INFO - /tmp/***tmpyn9balfk
[2024-07-28T08:39:42.456+0000] {subprocess.py:96} INFO - Command exited with return code 0
[2024-07-28T08:39:42.470+0000] {taskinstance.py:1412} INFO - Marking task as SUCCESS. dag_id=download_rocket_launches, task_id=now_path, execution_date=20240728T083941, start_date=20240728T083942, end_date=20240728T083942
[2024-07-28T08:39:42.490+0000] {local_task_job.py:156} INFO - Task exited with return code 0
[2024-07-28T08:39:42.515+0000] {local_task_job.py:279} INFO - 1 downstream tasks scheduled from follow-on schedule check
